TN:
SF:src\app\App.tsx
FN:16,(anonymous_10)
FN:20,(anonymous_11)
FN:21,(anonymous_12)
FN:37,(anonymous_13)
FN:45,(anonymous_14)
FN:52,(anonymous_15)
FN:56,(anonymous_16)
FNF:7
FNH:0
FNDA:0,(anonymous_10)
FNDA:0,(anonymous_11)
FNDA:0,(anonymous_12)
FNDA:0,(anonymous_13)
FNDA:0,(anonymous_14)
FNDA:0,(anonymous_15)
FNDA:0,(anonymous_16)
DA:1,0
DA:2,0
DA:3,0
DA:4,0
DA:5,0
DA:16,0
DA:17,0
DA:18,0
DA:20,0
DA:21,0
DA:22,0
DA:23,0
DA:24,0
DA:25,0
DA:26,0
DA:27,0
DA:28,0
DA:35,0
DA:37,0
DA:38,0
DA:39,0
DA:40,0
DA:41,0
DA:45,0
DA:46,0
DA:50,0
DA:53,0
DA:57,0
DA:58,0
DA:59,0
DA:68,0
LF:31
LH:0
BRDA:24,0,0,0
BRDA:26,1,0,0
BRDA:39,2,0,0
BRDA:55,3,0,0
BRDA:55,3,1,0
BRF:5
BRH:0
end_of_record
TN:
SF:src\app\_layout.tsx
FN:32,(anonymous_9)
FN:38,(anonymous_10)
FN:42,(anonymous_11)
FN:77,(anonymous_12)
FN:78,(anonymous_13)
FN:85,(anonymous_14)
FNF:6
FNH:0
FNDA:0,(anonymous_9)
FNDA:0,(anonymous_10)
FNDA:0,(anonymous_11)
FNDA:0,(anonymous_12)
FNDA:0,(anonymous_13)
FNDA:0,(anonymous_14)
DA:1,0
DA:2,0
DA:3,0
DA:4,0
DA:5,0
DA:6,0
DA:11,0
DA:12,0
DA:30,0
DA:32,0
DA:33,0
DA:34,0
DA:35,0
DA:36,0
DA:38,0
DA:40,0
DA:42,0
DA:43,0
DA:45,0
DA:46,0
DA:49,0
DA:53,0
DA:56,0
DA:59,0
DA:66,0
DA:69,0
DA:73,0
DA:77,0
DA:78,0
DA:79,0
DA:80,0
DA:82,0
DA:85,0
DA:86,0
DA:87,0
DA:90,0
DA:91,0
DA:92,0
DA:99,0
DA:106,0
DA:116,0
DA:136,0
LF:42
LH:0
BRDA:66,0,0,0
BRDA:66,0,1,0
BRDA:90,1,0,0
BRDA:91,2,0,0
BRDA:110,3,0,0
BRDA:110,3,1,0
BRF:6
BRH:0
end_of_record
TN:
SF:src\app\index.tsx
FN:19,(anonymous_10)
FN:24,(anonymous_11)
FN:25,(anonymous_12)
FN:26,(anonymous_13)
FN:27,(anonymous_14)
FN:28,(anonymous_15)
FN:32,(anonymous_16)
FN:41,(anonymous_17)
FNF:8
FNH:0
FNDA:0,(anonymous_10)
FNDA:0,(anonymous_11)
FNDA:0,(anonymous_12)
FNDA:0,(anonymous_13)
FNDA:0,(anonymous_14)
FNDA:0,(anonymous_15)
FNDA:0,(anonymous_16)
FNDA:0,(anonymous_17)
DA:1,0
DA:2,0
DA:3,0
DA:4,0
DA:5,0
DA:6,0
DA:7,0
DA:19,0
DA:20,0
DA:21,0
DA:22,0
DA:24,0
DA:25,0
DA:26,0
DA:27,0
DA:28,0
DA:29,0
DA:30,0
DA:32,0
DA:33,0
DA:34,0
DA:41,0
DA:42,0
DA:43,0
DA:44,0
DA:46,0
DA:47,0
DA:48,0
DA:50,0
DA:52,0
DA:53,0
DA:55,0
DA:56,0
DA:58,0
DA:59,0
DA:62,0
DA:63,0
DA:65,0
DA:68,0
DA:88,0
LF:40
LH:0
BRDA:42,0,0,0
BRDA:44,1,0,0
BRDA:44,1,1,0
BRDA:44,1,2,0
BRDA:44,1,3,0
BRDA:44,1,4,0
BRDA:46,2,0,0
BRDA:52,3,0,0
BRDA:70,4,0,0
BRDA:70,4,1,0
BRDA:79,5,0,0
BRDA:79,5,1,0
BRDA:80,6,0,0
BRDA:80,6,1,0
BRDA:81,7,0,0
BRDA:81,7,1,0
BRDA:82,8,0,0
BRDA:82,8,1,0
BRDA:83,9,0,0
BRDA:83,9,1,0
BRF:20
BRH:0
end_of_record
TN:
SF:src\core\api\client.ts
FN:29,(anonymous_0)
FN:41,setAuthToken
FN:45,getAuthToken
FN:49,fetchWithTimeout
FN:51,(anonymous_4)
FN:69,handleResponse
FN:80,(anonymous_6)
FN:93,getDefaultHeaders
FN:103,apiGet
FN:112,apiPost
FN:122,apiPatch
FN:132,apiDelete
FNF:12
FNH:0
FNDA:0,(anonymous_0)
FNDA:0,setAuthToken
FNDA:0,getAuthToken
FNDA:0,fetchWithTimeout
FNDA:0,(anonymous_4)
FNDA:0,handleResponse
FNDA:0,(anonymous_6)
FNDA:0,getDefaultHeaders
FNDA:0,apiGet
FNDA:0,apiPost
FNDA:0,apiPatch
FNDA:0,apiDelete
DA:25,0
DA:30,0
DA:31,0
DA:32,0
DA:33,0
DA:37,0
DA:38,0
DA:39,0
DA:41,0
DA:42,0
DA:45,0
DA:46,0
DA:50,0
DA:51,0
DA:53,0
DA:54,0
DA:58,0
DA:60,0
DA:61,0
DA:63,0
DA:65,0
DA:70,0
DA:71,0
DA:72,0
DA:73,0
DA:74,0
DA:75,0
DA:76,0
DA:77,0
DA:80,0
DA:82,0
DA:85,0
DA:86,0
DA:87,0
DA:89,0
DA:94,0
DA:97,0
DA:98,0
DA:100,0
DA:103,0
DA:104,0
DA:105,0
DA:109,0
DA:112,0
DA:113,0
DA:114,0
DA:119,0
DA:122,0
DA:123,0
DA:124,0
DA:129,0
DA:132,0
DA:133,0
DA:134,0
DA:138,0
LF:55
LH:0
BRDA:29,0,0,0
BRDA:38,1,0,0
BRDA:38,1,1,0
BRDA:49,2,0,0
BRDA:60,3,0,0
BRDA:60,4,0,0
BRDA:60,4,1,0
BRDA:60,4,2,0
BRDA:70,5,0,0
BRDA:74,6,0,0
BRDA:74,6,1,0
BRDA:76,7,0,0
BRDA:97,8,0,0
BRF:13
BRH:0
end_of_record
TN:
SF:src\core\media\ImageCompressor.ts
FN:33,uuid
FN:43,(anonymous_10)
FN:58,(anonymous_11)
FN:100,(anonymous_12)
FN:122,(anonymous_13)
FN:130,(anonymous_14)
FN:143,(anonymous_15)
FNF:7
FNH:0
FNDA:0,uuid
FNDA:0,(anonymous_10)
FNDA:0,(anonymous_11)
FNDA:0,(anonymous_12)
FNDA:0,(anonymous_13)
FNDA:0,(anonymous_14)
FNDA:0,(anonymous_15)
DA:11,0
DA:12,0
DA:24,0
DA:35,0
DA:36,0
DA:37,0
DA:39,0
DA:41,0
DA:42,0
DA:43,0
DA:44,0
DA:51,0
DA:63,0
DA:66,0
DA:67,0
DA:69,0
DA:70,0
DA:75,0
DA:78,0
DA:79,0
DA:82,0
DA:84,0
DA:105,0
DA:106,0
DA:107,0
DA:108,0
DA:109,0
DA:112,0
DA:115,0
DA:123,0
DA:124,0
DA:131,0
DA:132,0
DA:133,0
DA:134,0
DA:144,0
DA:145,0
DA:146,0
LF:38
LH:0
BRDA:36,0,0,0
BRDA:36,0,1,0
BRDA:36,1,0,0
BRDA:36,1,1,0
BRDA:61,2,0,0
BRDA:78,3,0,0
BRDA:87,4,0,0
BRDA:87,4,1,0
BRDA:88,5,0,0
BRDA:88,5,1,0
BRDA:89,6,0,0
BRDA:89,6,1,0
BRDA:89,7,0,0
BRDA:89,7,1,0
BRDA:103,8,0,0
BRDA:124,9,0,0
BRDA:124,9,1,0
BRDA:124,10,0,0
BRDA:124,10,1,0
BRDA:132,11,0,0
BRF:20
BRH:0
end_of_record
TN:
SF:src\core\media\VisionMessageBuilder.ts
FN:79,(anonymous_0)
FN:89,(anonymous_1)
FN:118,(anonymous_2)
FN:132,(anonymous_3)
FN:145,(anonymous_4)
FN:161,(anonymous_5)
FN:176,(anonymous_6)
FN:194,(anonymous_7)
FNF:8
FNH:0
FNDA:0,(anonymous_0)
FNDA:0,(anonymous_1)
FNDA:0,(anonymous_2)
FNDA:0,(anonymous_3)
FNDA:0,(anonymous_4)
FNDA:0,(anonymous_5)
FNDA:0,(anonymous_6)
FNDA:0,(anonymous_7)
DA:67,0
DA:76,0
DA:80,0
DA:94,0
DA:95,0
DA:96,0
DA:98,0
DA:99,0
DA:103,0
DA:104,0
DA:110,0
DA:112,0
DA:118,0
DA:133,0
DA:149,0
DA:151,0
DA:153,0
DA:157,0
DA:162,0
DA:163,0
DA:164,0
DA:166,0
DA:167,0
DA:168,0
DA:173,0
DA:177,0
DA:179,0
DA:180,0
DA:182,0
DA:183,0
DA:185,0
DA:195,0
DA:196,0
DA:198,0
DA:200,0
DA:202,0
DA:203,0
LF:37
LH:0
BRDA:79,0,0,0
BRDA:98,1,0,0
BRDA:98,2,0,0
BRDA:98,2,1,0
BRDA:103,3,0,0
BRDA:138,4,0,0
BRDA:138,4,1,0
BRDA:149,5,0,0
BRDA:149,5,1,0
BRDA:149,5,2,0
BRDA:149,5,3,0
BRDA:163,6,0,0
BRDA:170,7,0,0
BRDA:170,7,1,0
BRDA:182,8,0,0
BRDA:195,9,0,0
BRDA:198,10,0,0
BRDA:202,11,0,0
BRDA:202,11,1,0
BRF:19
BRH:0
end_of_record
TN:
SF:src\core\monitoring\sentry.config.ts
FN:27,initSentry
FN:49,(anonymous_10)
FN:60,(anonymous_11)
FN:76,setSentryUser
FN:88,clearSentryUser
FN:95,captureError
FN:97,(anonymous_15)
FN:98,(anonymous_16)
FN:111,addBreadcrumb
FNF:9
FNH:0
FNDA:0,initSentry
FNDA:0,(anonymous_10)
FNDA:0,(anonymous_11)
FNDA:0,setSentryUser
FNDA:0,clearSentryUser
FNDA:0,captureError
FNDA:0,(anonymous_15)
FNDA:0,(anonymous_16)
FNDA:0,addBreadcrumb
DA:15,0
DA:16,0
DA:18,0
DA:20,0
DA:21,0
DA:27,0
DA:28,0
DA:29,0
DA:30,0
DA:33,0
DA:50,0
DA:51,0
DA:52,0
DA:54,0
DA:61,0
DA:69,0
DA:76,0
DA:77,0
DA:88,0
DA:89,0
DA:95,0
DA:96,0
DA:97,0
DA:98,0
DA:99,0
DA:101,0
DA:104,0
DA:111,0
DA:116,0
LF:29
LH:0
BRDA:18,0,0,0
BRDA:18,0,1,0
BRDA:20,1,0,0
BRDA:20,1,1,0
BRDA:21,2,0,0
BRDA:21,2,1,0
BRDA:28,3,0,0
BRDA:40,4,0,0
BRDA:40,4,1,0
BRDA:50,5,0,0
BRDA:61,6,0,0
BRDA:61,6,1,0
BRDA:61,6,2,0
BRDA:96,7,0,0
BRDA:96,7,1,0
BRDA:114,8,0,0
BRF:16
BRH:0
end_of_record
TN:
SF:src\core\navigation\DeepLinkRouter.ts
FN:23,(anonymous_0)
FN:64,(anonymous_1)
FN:88,(anonymous_2)
FNF:3
FNH:2
FNDA:8,(anonymous_0)
FNDA:3,(anonymous_1)
FNDA:0,(anonymous_2)
DA:18,1
DA:24,8
DA:26,7
DA:27,7
DA:28,6
DA:29,6
DA:31,6
DA:34,1
DA:35,1
DA:36,1
DA:39,1
DA:40,1
DA:41,1
DA:44,1
DA:45,1
DA:46,1
DA:50,1
DA:52,2
DA:56,1
DA:65,3
DA:66,2
DA:67,0
DA:68,0
DA:70,2
DA:72,0
DA:74,0
DA:77,0
DA:79,0
DA:82,2
DA:89,0
DA:90,0
DA:92,0
DA:94,0
DA:96,0
DA:99,0
LF:35
LH:23
BRDA:24,0,0,1
BRDA:24,1,0,8
BRDA:24,1,1,7
BRDA:31,2,0,1
BRDA:31,2,1,1
BRDA:31,2,2,1
BRDA:31,2,3,1
BRDA:31,2,4,1
BRDA:31,2,5,1
BRDA:31,2,6,2
BRDA:35,3,0,0
BRDA:40,4,0,0
BRDA:45,5,0,0
BRDA:65,6,0,1
BRDA:66,7,0,0
BRDA:68,8,0,0
BRDA:70,9,0,0
BRDA:72,10,0,0
BRDA:72,10,1,0
BRDA:72,10,2,0
BRDA:72,10,3,0
BRDA:89,11,0,0
BRDA:89,11,1,0
BRDA:90,12,0,0
BRDA:90,12,1,0
BRDA:90,12,2,0
BRDA:90,12,3,0
BRDA:90,12,4,0
BRDA:92,13,0,0
BRDA:92,13,1,0
BRDA:94,14,0,0
BRDA:94,14,1,0
BRDA:96,15,0,0
BRDA:96,15,1,0
BRF:34
BRH:11
end_of_record
TN:
SF:src\core\notifications\BackgroundSyncTask.ts
FN:38,defineBackgroundSyncTask
FN:42,(anonymous_10)
FN:71,registerBackgroundSyncTask
FN:100,unregisterBackgroundSyncTask
FN:111,getBackgroundSyncStatus
FN:119,(anonymous_14)
FNF:6
FNH:0
FNDA:0,defineBackgroundSyncTask
FNDA:0,(anonymous_10)
FNDA:0,registerBackgroundSyncTask
FNDA:0,unregisterBackgroundSyncTask
FNDA:0,getBackgroundSyncStatus
FNDA:0,(anonymous_14)
DA:18,0
DA:19,0
DA:20,0
DA:21,0
DA:22,0
DA:24,0
DA:27,0
DA:30,0
DA:32,0
DA:38,0
DA:39,0
DA:40,0
DA:42,0
DA:43,0
DA:45,0
DA:46,0
DA:50,0
DA:51,0
DA:52,0
DA:53,0
DA:54,0
DA:58,0
DA:59,0
DA:61,0
DA:62,0
DA:71,0
DA:72,0
DA:73,0
DA:76,0
DA:77,0
DA:79,0
DA:80,0
DA:81,0
DA:84,0
DA:85,0
DA:90,0
DA:92,0
DA:93,0
DA:100,0
DA:101,0
DA:102,0
DA:104,0
DA:111,0
DA:115,0
DA:119,0
DA:120,0
LF:46
LH:0
BRDA:39,0,0,0
BRDA:45,1,0,0
BRDA:51,2,0,0
BRDA:53,3,0,0
BRDA:72,4,0,0
BRDA:79,5,0,0
BRF:6
BRH:0
end_of_record
TN:
SF:src\core\notifications\LiveActivityBridge.ts
FN:70,getNativeModule
FN:87,(anonymous_1)
FN:100,(anonymous_2)
FN:108,(anonymous_3)
FN:123,(anonymous_4)
FN:135,(anonymous_5)
FN:149,(anonymous_6)
FN:162,(anonymous_7)
FN:164,(anonymous_8)
FNF:9
FNH:0
FNDA:0,getNativeModule
FNDA:0,(anonymous_1)
FNDA:0,(anonymous_2)
FNDA:0,(anonymous_3)
FNDA:0,(anonymous_4)
FNDA:0,(anonymous_5)
FNDA:0,(anonymous_6)
FNDA:0,(anonymous_7)
FNDA:0,(anonymous_8)
DA:24,0
DA:65,0
DA:71,0
DA:72,0
DA:73,0
DA:74,0
DA:85,0
DA:88,0
DA:89,0
DA:90,0
DA:101,0
DA:109,0
DA:110,0
DA:111,0
DA:112,0
DA:113,0
DA:115,0
DA:116,0
DA:124,0
DA:125,0
DA:126,0
DA:128,0
DA:136,0
DA:137,0
DA:138,0
DA:139,0
DA:141,0
DA:150,0
DA:151,0
DA:152,0
DA:154,0
DA:163,0
DA:164,0
DA:165,0
DA:170,0
LF:35
LH:0
BRDA:71,0,0,0
BRDA:73,1,0,0
BRDA:89,2,0,0
BRDA:89,3,0,0
BRDA:89,3,1,0
BRDA:109,4,0,0
BRDA:124,5,0,0
BRDA:124,6,0,0
BRDA:124,6,1,0
BRDA:136,7,0,0
BRDA:136,8,0,0
BRDA:136,8,1,0
BRDA:150,9,0,0
BRF:13
BRH:0
end_of_record
TN:
SF:src\core\notifications\NotificationService.ts
FN:23,configureNotifications
FN:25,(anonymous_10)
FN:32,(anonymous_11)
FN:35,(anonymous_12)
FN:62,(anonymous_13)
FN:73,(anonymous_14)
FN:98,(anonymous_15)
FN:129,(anonymous_16)
FN:131,(anonymous_17)
FN:137,(anonymous_18)
FN:157,(anonymous_19)
FN:164,(anonymous_20)
FN:172,(anonymous_21)
FN:193,(anonymous_22)
FN:199,(anonymous_23)
FN:204,(anonymous_24)
FN:210,(anonymous_25)
FN:212,(anonymous_26)
FN:216,(anonymous_27)
FN:221,(anonymous_28)
FN:236,(anonymous_29)
FNF:21
FNH:0
FNDA:0,configureNotifications
FNDA:0,(anonymous_10)
FNDA:0,(anonymous_11)
FNDA:0,(anonymous_12)
FNDA:0,(anonymous_13)
FNDA:0,(anonymous_14)
FNDA:0,(anonymous_15)
FNDA:0,(anonymous_16)
FNDA:0,(anonymous_17)
FNDA:0,(anonymous_18)
FNDA:0,(anonymous_19)
FNDA:0,(anonymous_20)
FNDA:0,(anonymous_21)
FNDA:0,(anonymous_22)
FNDA:0,(anonymous_23)
FNDA:0,(anonymous_24)
FNDA:0,(anonymous_25)
FNDA:0,(anonymous_26)
FNDA:0,(anonymous_27)
FNDA:0,(anonymous_28)
FNDA:0,(anonymous_29)
DA:14,0
DA:15,0
DA:16,0
DA:23,0
DA:24,0
DA:25,0
DA:36,0
DA:52,0
DA:53,0
DA:54,0
DA:55,0
DA:56,0
DA:57,0
DA:63,0
DA:64,0
DA:65,0
DA:74,0
DA:76,0
DA:83,0
DA:88,0
DA:89,0
DA:92,0
DA:99,0
DA:100,0
DA:103,0
DA:105,0
DA:106,0
DA:118,0
DA:120,0
DA:121,0
DA:130,0
DA:131,0
DA:143,0
DA:158,0
DA:165,0
DA:173,0
DA:174,0
DA:181,0
DA:194,0
DA:195,0
DA:200,0
DA:205,0
DA:212,0
DA:213,0
DA:214,0
DA:215,0
DA:216,0
DA:222,0
DA:223,0
DA:224,0
DA:226,0
DA:227,0
DA:228,0
DA:239,0
DA:241,0
DA:242,0
DA:243,0
DA:245,0
DA:249,0
DA:251,0
DA:254,0
DA:261,0
DA:266,0
LF:63
LH:0
BRDA:62,0,0,0
BRDA:74,1,0,0
BRDA:84,2,0,0
BRDA:84,2,1,0
BRDA:84,2,2,0
BRDA:88,3,0,0
BRDA:88,4,0,0
BRDA:88,4,1,0
BRDA:105,5,0,0
BRDA:105,6,0,0
BRDA:105,6,1,0
BRDA:110,7,0,0
BRDA:110,7,1,0
BRDA:147,8,0,0
BRDA:147,8,1,0
BRDA:173,9,0,0
BRDA:214,10,0,0
BRDA:214,10,1,0
BRDA:215,11,0,0
BRDA:222,12,0,0
BRDA:226,13,0,0
BRDA:239,14,0,0
BRDA:239,14,1,0
BRDA:241,15,0,0
BRDA:249,16,0,0
BRDA:251,17,0,0
BRDA:251,17,1,0
BRDA:251,18,0,0
BRDA:251,18,1,0
BRDA:251,18,2,0
BRDA:256,19,0,0
BRDA:256,19,1,0
BRDA:257,20,0,0
BRDA:257,20,1,0
BRF:34
BRH:0
end_of_record
TN:
SF:src\core\notifications\WidgetBridge.ts
FN:42,getNativeModule
FN:55,(anonymous_1)
FN:68,(anonymous_2)
FN:75,(anonymous_3)
FN:89,(anonymous_4)
FN:102,(anonymous_5)
FN:119,buildUnreadHint
FN:136,truncate
FNF:8
FNH:0
FNDA:0,getNativeModule
FNDA:0,(anonymous_1)
FNDA:0,(anonymous_2)
FNDA:0,(anonymous_3)
FNDA:0,(anonymous_4)
FNDA:0,(anonymous_5)
FNDA:0,buildUnreadHint
FNDA:0,truncate
DA:19,0
DA:40,0
DA:43,0
DA:44,0
DA:45,0
DA:53,0
DA:56,0
DA:57,0
DA:58,0
DA:69,0
DA:76,0
DA:77,0
DA:78,0
DA:79,0
DA:80,0
DA:82,0
DA:90,0
DA:91,0
DA:92,0
DA:94,0
DA:103,0
DA:104,0
DA:105,0
DA:107,0
DA:113,0
DA:119,0
DA:124,0
DA:125,0
DA:127,0
DA:128,0
DA:130,0
DA:131,0
DA:133,0
DA:137,0
DA:138,0
DA:142,0
LF:36
LH:0
BRDA:44,0,0,0
BRDA:57,1,0,0
BRDA:77,2,0,0
BRDA:90,3,0,0
BRDA:103,4,0,0
BRDA:124,5,0,0
BRDA:127,6,0,0
BRDA:130,7,0,0
BRDA:137,8,0,0
BRF:9
BRH:0
end_of_record
TN:
SF:src\core\perf\AppStateBridge.ts
FN:31,registerVoiceDisconnect
FN:33,(anonymous_1)
FN:34,(anonymous_2)
FN:41,registerForegroundReconnect
FN:43,(anonymous_4)
FN:44,(anonymous_5)
FN:48,handleAppStateChange
FN:52,(anonymous_7)
FN:54,(anonymous_8)
FN:81,(anonymous_9)
FN:92,setupAppStateBridge
FN:94,(anonymous_11)
FN:98,(anonymous_12)
FNF:13
FNH:0
FNDA:0,registerVoiceDisconnect
FNDA:0,(anonymous_1)
FNDA:0,(anonymous_2)
FNDA:0,registerForegroundReconnect
FNDA:0,(anonymous_4)
FNDA:0,(anonymous_5)
FNDA:0,handleAppStateChange
FNDA:0,(anonymous_7)
FNDA:0,(anonymous_8)
FNDA:0,(anonymous_9)
FNDA:0,setupAppStateBridge
FNDA:0,(anonymous_11)
FNDA:0,(anonymous_12)
DA:12,0
DA:14,0
DA:16,0
DA:17,0
DA:22,0
DA:23,0
DA:24,0
DA:25,0
DA:31,0
DA:32,0
DA:33,0
DA:34,0
DA:41,0
DA:42,0
DA:43,0
DA:44,0
DA:49,0
DA:51,0
DA:52,0
DA:53,0
DA:54,0
DA:55,0
DA:56,0
DA:58,0
DA:61,0
DA:63,0
DA:66,0
DA:68,0
DA:69,0
DA:70,0
DA:74,0
DA:75,0
DA:77,0
DA:81,0
DA:82,0
DA:83,0
DA:85,0
DA:92,0
DA:93,0
DA:94,0
DA:96,0
DA:97,0
DA:98,0
DA:99,0
DA:100,0
DA:101,0
DA:105,0
LF:47
LH:0
BRDA:49,0,0,0
BRDA:49,1,0,0
BRDA:49,1,1,0
BRDA:51,2,0,0
BRDA:66,3,0,0
BRDA:68,4,0,0
BRDA:93,5,0,0
BRDA:100,6,0,0
BRF:8
BRH:0
end_of_record
TN:
SF:src\core\perf\LazyScreens.tsx
FN:12,(anonymous_9)
FN:31,(anonymous_10)
FN:32,(anonymous_11)
FN:32,(anonymous_12)
FN:37,(anonymous_13)
FN:38,(anonymous_14)
FN:38,(anonymous_15)
FN:43,(anonymous_16)
FN:44,(anonymous_17)
FN:44,(anonymous_18)
FN:49,(anonymous_19)
FN:50,(anonymous_20)
FN:52,(anonymous_21)
FN:56,withSuspense
FN:60,(anonymous_23)
FN:68,useLazyScreens
FN:70,(anonymous_25)
FNF:17
FNH:0
FNDA:0,(anonymous_9)
FNDA:0,(anonymous_10)
FNDA:0,(anonymous_11)
FNDA:0,(anonymous_12)
FNDA:0,(anonymous_13)
FNDA:0,(anonymous_14)
FNDA:0,(anonymous_15)
FNDA:0,(anonymous_16)
FNDA:0,(anonymous_17)
FNDA:0,(anonymous_18)
FNDA:0,(anonymous_19)
FNDA:0,(anonymous_20)
FNDA:0,(anonymous_21)
FNDA:0,withSuspense
FNDA:0,(anonymous_23)
FNDA:0,useLazyScreens
FNDA:0,(anonymous_25)
DA:8,0
DA:9,0
DA:12,0
DA:13,0
DA:18,0
DA:31,0
DA:32,0
DA:37,0
DA:38,0
DA:43,0
DA:44,0
DA:49,0
DA:50,0
DA:52,0
DA:56,0
DA:60,0
DA:61,0
DA:68,0
DA:69,0
DA:70,0
LF:20
LH:0
BRDA:13,0,0,0
BRDA:13,0,1,0
BRF:2
BRH:0
end_of_record
TN:
SF:src\core\perf\SplashController.ts
FN:26,(anonymous_9)
FN:41,(anonymous_10)
FN:52,(anonymous_11)
FN:57,(anonymous_12)
FNF:4
FNH:0
FNDA:0,(anonymous_9)
FNDA:0,(anonymous_10)
FNDA:0,(anonymous_11)
FNDA:0,(anonymous_12)
DA:19,0
DA:21,0
DA:22,0
DA:24,0
DA:27,0
DA:28,0
DA:29,0
DA:30,0
DA:33,0
DA:42,0
DA:43,0
DA:44,0
DA:45,0
DA:47,0
DA:53,0
DA:58,0
LF:16
LH:0
BRDA:27,0,0,0
BRDA:42,1,0,0
BRDA:42,2,0,0
BRDA:42,2,1,0
BRF:4
BRH:0
end_of_record
TN:
SF:src\core\security\AttConsent.ts
FN:40,getNativeModule
FN:45,mapStatus
FN:68,(anonymous_2)
FN:98,(anonymous_3)
FN:128,(anonymous_4)
FN:136,(anonymous_5)
FNF:6
FNH:0
FNDA:0,getNativeModule
FNDA:0,mapStatus
FNDA:0,(anonymous_2)
FNDA:0,(anonymous_3)
FNDA:0,(anonymous_4)
FNDA:0,(anonymous_5)
DA:18,0
DA:27,0
DA:41,0
DA:42,0
DA:47,0
DA:49,0
DA:51,0
DA:53,0
DA:55,0
DA:57,0
DA:64,0
DA:69,0
DA:70,0
DA:71,0
DA:72,0
DA:75,0
DA:76,0
DA:77,0
DA:78,0
DA:81,0
DA:82,0
DA:83,0
DA:84,0
DA:86,0
DA:87,0
DA:88,0
DA:99,0
DA:100,0
DA:103,0
DA:104,0
DA:105,0
DA:108,0
DA:109,0
DA:110,0
DA:111,0
DA:114,0
DA:115,0
DA:116,0
DA:117,0
DA:119,0
DA:120,0
DA:121,0
DA:129,0
DA:130,0
DA:137,0
LF:45
LH:0
BRDA:41,0,0,0
BRDA:42,1,0,0
BRDA:42,1,1,0
BRDA:47,2,0,0
BRDA:47,2,1,0
BRDA:47,2,2,0
BRDA:47,2,3,0
BRDA:47,2,4,0
BRDA:69,3,0,0
BRDA:70,4,0,0
BRDA:76,5,0,0
BRDA:99,6,0,0
BRDA:104,7,0,0
BRDA:109,8,0,0
BRF:14
BRH:0
end_of_record
TN:
SF:src\core\security\DbEncryption.ts
FN:41,(anonymous_9)
FN:80,(anonymous_10)
FN:91,(anonymous_11)
FN:118,(anonymous_12)
FN:153,(anonymous_13)
FNF:5
FNH:0
FNDA:0,(anonymous_9)
FNDA:0,(anonymous_10)
FNDA:0,(anonymous_11)
FNDA:0,(anonymous_12)
FNDA:0,(anonymous_13)
DA:22,0
DA:23,0
DA:29,0
DA:43,0
DA:46,0
DA:51,0
DA:54,0
DA:55,0
DA:57,0
DA:64,0
DA:67,0
DA:68,0
DA:70,0
DA:81,0
DA:92,0
DA:93,0
DA:94,0
DA:95,0
DA:96,0
DA:97,0
DA:99,0
DA:100,0
DA:103,0
DA:119,0
DA:120,0
DA:121,0
DA:122,0
DA:125,0
DA:126,0
DA:128,0
DA:130,0
DA:131,0
DA:132,0
DA:135,0
DA:136,0
DA:137,0
DA:138,0
DA:139,0
DA:143,0
DA:145,0
DA:146,0
DA:154,0
DA:156,0
LF:43
LH:0
BRDA:59,0,0,0
BRDA:59,0,1,0
BRDA:120,1,0,0
BRDA:146,2,0,0
BRDA:146,2,1,0
BRF:5
BRH:0
end_of_record
TN:
SF:src\core\security\SecureKeyStore.ts
FN:51,(anonymous_9)
FN:83,(anonymous_10)
FN:96,(anonymous_11)
FN:112,(anonymous_12)
FN:125,(anonymous_13)
FN:134,(anonymous_14)
FN:146,(anonymous_15)
FN:175,(anonymous_16)
FN:184,(anonymous_17)
FN:191,(anonymous_18)
FN:199,(anonymous_19)
FN:204,(anonymous_20)
FN:211,(anonymous_21)
FN:226,bytesToBase64
FN:240,manualBase64
FNF:15
FNH:0
FNDA:0,(anonymous_9)
FNDA:0,(anonymous_10)
FNDA:0,(anonymous_11)
FNDA:0,(anonymous_12)
FNDA:0,(anonymous_13)
FNDA:0,(anonymous_14)
FNDA:0,(anonymous_15)
FNDA:0,(anonymous_16)
FNDA:0,(anonymous_17)
FNDA:0,(anonymous_18)
FNDA:0,(anonymous_19)
FNDA:0,(anonymous_20)
FNDA:0,(anonymous_21)
FNDA:0,bytesToBase64
FNDA:0,manualBase64
DA:17,0
DA:18,0
DA:20,0
DA:38,0
DA:44,0
DA:53,0
DA:54,0
DA:55,0
DA:58,0
DA:59,0
DA:64,0
DA:65,0
DA:68,0
DA:74,0
DA:84,0
DA:85,0
DA:86,0
DA:101,0
DA:102,0
DA:113,0
DA:114,0
DA:115,0
DA:117,0
DA:118,0
DA:126,0
DA:127,0
DA:128,0
DA:135,0
DA:136,0
DA:147,0
DA:148,0
DA:152,0
DA:153,0
DA:154,0
DA:159,0
DA:162,0
DA:169,0
DA:176,0
DA:184,0
DA:192,0
DA:199,0
DA:205,0
DA:206,0
DA:212,0
DA:213,0
DA:214,0
DA:215,0
DA:217,0
DA:227,0
DA:228,0
DA:229,0
DA:230,0
DA:233,0
DA:234,0
DA:237,0
DA:241,0
DA:242,0
DA:243,0
DA:246,0
DA:247,0
DA:249,0
LF:61
LH:0
BRDA:54,0,0,0
BRDA:54,0,1,0
BRDA:54,1,0,0
BRDA:54,1,1,0
BRDA:85,2,0,0
BRDA:104,3,0,0
BRDA:104,3,1,0
BRDA:147,4,0,0
BRDA:153,5,0,0
BRDA:164,6,0,0
BRDA:164,6,1,0
BRDA:215,7,0,0
BRDA:215,7,1,0
BRDA:233,8,0,0
BRDA:244,9,0,0
BRDA:244,9,1,0
BRF:16
BRH:0
end_of_record
TN:
SF:src\core\store\sessionStore.tsx
FN:23,sessionReducer
FN:66,SessionProvider
FN:69,(anonymous_11)
FN:74,(anonymous_12)
FN:94,(anonymous_13)
FN:119,(anonymous_14)
FN:130,useSessionStore
FNF:7
FNH:0
FNDA:0,sessionReducer
FNDA:0,SessionProvider
FNDA:0,(anonymous_11)
FNDA:0,(anonymous_12)
FNDA:0,(anonymous_13)
FNDA:0,(anonymous_14)
FNDA:0,useSessionStore
DA:1,0
DA:3,0
DA:4,0
DA:24,0
DA:26,0
DA:28,0
DA:30,0
DA:32,0
DA:34,0
DA:41,0
DA:43,0
DA:45,0
DA:49,0
DA:64,0
DA:66,0
DA:67,0
DA:69,0
DA:70,0
DA:71,0
DA:72,0
DA:74,0
DA:85,0
DA:87,0
DA:89,0
DA:90,0
DA:94,0
DA:95,0
DA:96,0
DA:97,0
DA:99,0
DA:110,0
DA:112,0
DA:114,0
DA:115,0
DA:119,0
DA:120,0
DA:123,0
DA:130,0
DA:131,0
DA:132,0
DA:133,0
DA:135,0
LF:42
LH:0
BRDA:24,0,0,0
BRDA:24,0,1,0
BRDA:24,0,2,0
BRDA:24,0,3,0
BRDA:24,0,4,0
BRDA:24,0,5,0
BRDA:24,0,6,0
BRDA:24,0,7,0
BRDA:81,1,0,0
BRDA:81,1,1,0
BRDA:89,2,0,0
BRDA:89,2,1,0
BRDA:114,3,0,0
BRDA:114,3,1,0
BRDA:132,4,0,0
BRF:15
BRH:0
end_of_record
TN:
SF:src\core\voice\AudioSession.ts
FN:75,(anonymous_0)
FN:97,(anonymous_1)
FN:120,(anonymous_2)
FN:135,(anonymous_3)
FN:141,(anonymous_4)
FN:143,(anonymous_5)
FN:149,(anonymous_6)
FN:151,(anonymous_7)
FN:155,(anonymous_8)
FN:160,(anonymous_9)
FN:164,(anonymous_10)
FN:174,(anonymous_11)
FN:175,(anonymous_12)
FNF:13
FNH:0
FNDA:0,(anonymous_0)
FNDA:0,(anonymous_1)
FNDA:0,(anonymous_2)
FNDA:0,(anonymous_3)
FNDA:0,(anonymous_4)
FNDA:0,(anonymous_5)
FNDA:0,(anonymous_6)
FNDA:0,(anonymous_7)
FNDA:0,(anonymous_8)
FNDA:0,(anonymous_9)
FNDA:0,(anonymous_10)
FNDA:0,(anonymous_11)
FNDA:0,(anonymous_12)
DA:7,0
DA:21,0
DA:22,0
DA:49,0
DA:66,0
DA:67,0
DA:68,0
DA:69,0
DA:70,0
DA:76,0
DA:77,0
DA:79,0
DA:89,0
DA:90,0
DA:98,0
DA:100,0
DA:110,0
DA:111,0
DA:112,0
DA:113,0
DA:121,0
DA:122,0
DA:123,0
DA:125,0
DA:126,0
DA:135,0
DA:142,0
DA:143,0
DA:150,0
DA:151,0
DA:156,0
DA:161,0
DA:165,0
DA:175,0
DA:180,0
LF:35
LH:0
BRDA:75,0,0,0
BRDA:83,1,0,0
BRDA:83,1,1,0
BRDA:98,2,0,0
BRDA:111,3,0,0
BRDA:121,4,0,0
BRDA:130,5,0,0
BRDA:130,5,1,0
BRDA:165,6,0,0
BRF:9
BRH:0
end_of_record
TN:
SF:src\core\voice\TtsQueue.ts
FN:70,(anonymous_0)
FN:78,(anonymous_1)
FN:86,(anonymous_2)
FN:104,(anonymous_3)
FN:114,(anonymous_4)
FN:134,(anonymous_5)
FN:141,(anonymous_6)
FN:160,(anonymous_7)
FN:174,(anonymous_8)
FN:177,(anonymous_9)
FN:210,(anonymous_10)
FN:211,(anonymous_11)
FN:213,(anonymous_12)
FN:214,(anonymous_13)
FN:222,(anonymous_14)
FN:250,(anonymous_15)
FN:269,(anonymous_16)
FNF:17
FNH:0
FNDA:0,(anonymous_0)
FNDA:0,(anonymous_1)
FNDA:0,(anonymous_2)
FNDA:0,(anonymous_3)
FNDA:0,(anonymous_4)
FNDA:0,(anonymous_5)
FNDA:0,(anonymous_6)
FNDA:0,(anonymous_7)
FNDA:0,(anonymous_8)
FNDA:0,(anonymous_9)
FNDA:0,(anonymous_10)
FNDA:0,(anonymous_11)
FNDA:0,(anonymous_12)
FNDA:0,(anonymous_13)
FNDA:0,(anonymous_14)
FNDA:0,(anonymous_15)
FNDA:0,(anonymous_16)
DA:14,0
DA:52,0
DA:61,0
DA:64,0
DA:65,0
DA:66,0
DA:67,0
DA:68,0
DA:71,0
DA:72,0
DA:79,0
DA:87,0
DA:89,0
DA:90,0
DA:91,0
DA:98,0
DA:105,0
DA:106,0
DA:107,0
DA:108,0
DA:115,0
DA:116,0
DA:117,0
DA:118,0
DA:119,0
DA:120,0
DA:124,0
DA:126,0
DA:127,0
DA:128,0
DA:135,0
DA:142,0
DA:143,0
DA:144,0
DA:145,0
DA:146,0
DA:147,0
DA:149,0
DA:150,0
DA:151,0
DA:154,0
DA:161,0
DA:162,0
DA:163,0
DA:164,0
DA:165,0
DA:166,0
DA:167,0
DA:168,0
DA:171,0
DA:175,0
DA:176,0
DA:177,0
DA:178,0
DA:187,0
DA:189,0
DA:190,0
DA:193,0
DA:194,0
DA:195,0
DA:196,0
DA:197,0
DA:198,0
DA:200,0
DA:201,0
DA:203,0
DA:205,0
DA:206,0
DA:211,0
DA:212,0
DA:213,0
DA:214,0
DA:215,0
DA:223,0
DA:225,0
DA:226,0
DA:227,0
DA:228,0
DA:231,0
DA:232,0
DA:234,0
DA:236,0
DA:238,0
DA:239,0
DA:240,0
DA:243,0
DA:244,0
DA:245,0
DA:246,0
DA:247,0
DA:248,0
DA:250,0
DA:251,0
DA:256,0
DA:260,0
DA:261,0
DA:263,0
DA:264,0
DA:265,0
DA:270,0
DA:271,0
DA:272,0
DA:276,0
DA:278,0
DA:279,0
DA:281,0
DA:282,0
DA:284,0
DA:285,0
LF:109
LH:0
BRDA:70,0,0,0
BRDA:105,1,0,0
BRDA:117,2,0,0
BRDA:144,3,0,0
BRDA:144,3,1,0
BRDA:147,4,0,0
BRDA:151,5,0,0
BRDA:164,6,0,0
BRDA:166,7,0,0
BRDA:182,8,0,0
BRDA:182,8,1,0
BRDA:189,9,0,0
BRDA:193,10,0,0
BRDA:193,10,1,0
BRDA:194,11,0,0
BRDA:194,11,1,0
BRDA:196,12,0,0
BRDA:196,12,1,0
BRDA:197,13,0,0
BRDA:206,14,0,0
BRDA:206,14,1,0
BRDA:223,15,0,0
BRDA:223,16,0,0
BRDA:223,16,1,0
BRDA:225,17,0,0
BRDA:232,18,0,0
BRDA:232,19,0,0
BRDA:232,19,1,0
BRDA:236,20,0,0
BRDA:251,21,0,0
BRDA:252,22,0,0
BRDA:252,22,1,0
BRDA:252,22,2,0
BRDA:263,23,0,0
BRDA:263,23,1,0
BRDA:270,24,0,0
BRF:36
BRH:0
end_of_record
TN:
SF:src\core\voice\VadDetector.ts
FN:50,normalizeDbfs
FN:71,(anonymous_1)
FN:82,(anonymous_2)
FN:88,(anonymous_3)
FN:96,(anonymous_4)
FN:110,(anonymous_5)
FN:115,(anonymous_6)
FN:119,(anonymous_7)
FN:126,(anonymous_8)
FN:164,(anonymous_9)
FN:169,(anonymous_10)
FNF:11
FNH:0
FNDA:0,normalizeDbfs
FNDA:0,(anonymous_1)
FNDA:0,(anonymous_2)
FNDA:0,(anonymous_3)
FNDA:0,(anonymous_4)
FNDA:0,(anonymous_5)
FNDA:0,(anonymous_6)
FNDA:0,(anonymous_7)
FNDA:0,(anonymous_8)
FNDA:0,(anonymous_9)
FNDA:0,(anonymous_10)
DA:11,0
DA:37,0
DA:51,0
DA:52,0
DA:53,0
DA:60,0
DA:63,0
DA:64,0
DA:65,0
DA:66,0
DA:67,0
DA:68,0
DA:69,0
DA:75,0
DA:76,0
DA:83,0
DA:84,0
DA:85,0
DA:86,0
DA:88,0
DA:89,0
DA:97,0
DA:98,0
DA:99,0
DA:100,0
DA:101,0
DA:103,0
DA:104,0
DA:111,0
DA:116,0
DA:120,0
DA:121,0
DA:122,0
DA:123,0
DA:127,0
DA:129,0
DA:130,0
DA:131,0
DA:133,0
DA:134,0
DA:135,0
DA:139,0
DA:142,0
DA:143,0
DA:145,0
DA:146,0
DA:147,0
DA:148,0
DA:149,0
DA:150,0
DA:152,0
DA:153,0
DA:154,0
DA:155,0
DA:156,0
DA:157,0
DA:165,0
DA:166,0
DA:167,0
DA:169,0
LF:60
LH:0
BRDA:51,0,0,0
BRDA:72,1,0,0
BRDA:73,2,0,0
BRDA:83,3,0,0
BRDA:97,4,0,0
BRDA:99,5,0,0
BRDA:127,6,0,0
BRDA:127,7,0,0
BRDA:127,7,1,0
BRDA:134,8,0,0
BRDA:145,9,0,0
BRDA:145,9,1,0
BRDA:148,10,0,0
BRDA:148,11,0,0
BRDA:148,11,1,0
BRDA:152,12,0,0
BRDA:152,12,1,0
BRDA:155,13,0,0
BRDA:155,14,0,0
BRDA:155,14,1,0
BRDA:166,15,0,0
BRF:21
BRH:0
end_of_record
TN:
SF:src\core\voice\VoiceEngine.ts
FN:60,(anonymous_0)
FN:68,(anonymous_1)
FN:69,(anonymous_2)
FN:78,(anonymous_3)
FN:79,(anonymous_4)
FN:83,(anonymous_5)
FN:84,(anonymous_6)
FN:87,(anonymous_7)
FN:95,(anonymous_8)
FN:115,(anonymous_9)
FN:130,(anonymous_10)
FN:139,(anonymous_11)
FN:142,(anonymous_12)
FN:148,(anonymous_13)
FN:163,(anonymous_14)
FN:169,(anonymous_15)
FN:214,(anonymous_16)
FN:228,(anonymous_17)
FN:230,(anonymous_18)
FN:238,(anonymous_19)
FN:239,(anonymous_20)
FN:248,(anonymous_21)
FN:249,(anonymous_22)
FN:269,(anonymous_23)
FN:275,(anonymous_24)
FN:299,(anonymous_25)
FN:381,(anonymous_26)
FN:389,(anonymous_27)
FN:405,(anonymous_28)
FN:421,(anonymous_29)
FN:426,(anonymous_30)
FN:432,(anonymous_31)
FN:434,(anonymous_32)
FNF:33
FNH:0
FNDA:0,(anonymous_0)
FNDA:0,(anonymous_1)
FNDA:0,(anonymous_2)
FNDA:0,(anonymous_3)
FNDA:0,(anonymous_4)
FNDA:0,(anonymous_5)
FNDA:0,(anonymous_6)
FNDA:0,(anonymous_7)
FNDA:0,(anonymous_8)
FNDA:0,(anonymous_9)
FNDA:0,(anonymous_10)
FNDA:0,(anonymous_11)
FNDA:0,(anonymous_12)
FNDA:0,(anonymous_13)
FNDA:0,(anonymous_14)
FNDA:0,(anonymous_15)
FNDA:0,(anonymous_16)
FNDA:0,(anonymous_17)
FNDA:0,(anonymous_18)
FNDA:0,(anonymous_19)
FNDA:0,(anonymous_20)
FNDA:0,(anonymous_21)
FNDA:0,(anonymous_22)
FNDA:0,(anonymous_23)
FNDA:0,(anonymous_24)
FNDA:0,(anonymous_25)
FNDA:0,(anonymous_26)
FNDA:0,(anonymous_27)
FNDA:0,(anonymous_28)
FNDA:0,(anonymous_29)
FNDA:0,(anonymous_30)
FNDA:0,(anonymous_31)
FNDA:0,(anonymous_32)
DA:21,0
DA:28,0
DA:29,0
DA:30,0
DA:43,0
DA:45,0
DA:46,0
DA:47,0
DA:48,0
DA:49,0
DA:50,0
DA:51,0
DA:53,0
DA:56,0
DA:57,0
DA:58,0
DA:61,0
DA:62,0
DA:68,0
DA:70,0
DA:71,0
DA:75,0
DA:78,0
DA:80,0
DA:81,0
DA:83,0
DA:87,0
DA:96,0
DA:97,0
DA:98,0
DA:99,0
DA:100,0
DA:101,0
DA:103,0
DA:104,0
DA:105,0
DA:106,0
DA:108,0
DA:116,0
DA:117,0
DA:118,0
DA:119,0
DA:120,0
DA:121,0
DA:123,0
DA:124,0
DA:131,0
DA:132,0
DA:140,0
DA:141,0
DA:142,0
DA:149,0
DA:164,0
DA:170,0
DA:171,0
DA:172,0
DA:175,0
DA:176,0
DA:202,0
DA:205,0
DA:207,0
DA:208,0
DA:211,0
DA:215,0
DA:216,0
DA:217,0
DA:218,0
DA:219,0
DA:223,0
DA:224,0
DA:229,0
DA:230,0
DA:231,0
DA:232,0
DA:233,0
DA:238,0
DA:239,0
DA:240,0
DA:242,0
DA:245,0
DA:249,0
DA:250,0
DA:251,0
DA:252,0
DA:253,0
DA:255,0
DA:256,0
DA:257,0
DA:261,0
DA:268,0
DA:269,0
DA:270,0
DA:271,0
DA:276,0
DA:278,0
DA:279,0
DA:280,0
DA:282,0
DA:283,0
DA:284,0
DA:285,0
DA:286,0
DA:288,0
DA:289,0
DA:292,0
DA:300,0
DA:301,0
DA:302,0
DA:303,0
DA:306,0
DA:308,0
DA:309,0
DA:310,0
DA:324,0
DA:325,0
DA:329,0
DA:330,0
DA:331,0
DA:332,0
DA:334,0
DA:335,0
DA:336,0
DA:337,0
DA:338,0
DA:339,0
DA:341,0
DA:342,0
DA:343,0
DA:344,0
DA:345,0
DA:347,0
DA:348,0
DA:349,0
DA:350,0
DA:351,0
DA:352,0
DA:353,0
DA:354,0
DA:355,0
DA:356,0
DA:358,0
DA:366,0
DA:368,0
DA:371,0
DA:372,0
DA:374,0
DA:382,0
DA:383,0
DA:390,0
DA:391,0
DA:393,0
DA:394,0
DA:395,0
DA:397,0
DA:399,0
DA:406,0
DA:407,0
DA:408,0
DA:409,0
DA:410,0
DA:411,0
DA:413,0
DA:414,0
DA:415,0
DA:417,0
DA:422,0
DA:423,0
DA:427,0
DA:428,0
DA:429,0
DA:433,0
DA:434,0
LF:172
LH:0
BRDA:64,0,0,0
BRDA:64,0,1,0
BRDA:65,1,0,0
BRDA:65,1,1,0
BRDA:76,2,0,0
BRDA:76,2,1,0
BRDA:96,3,0,0
BRDA:96,4,0,0
BRDA:96,4,1,0
BRDA:108,5,0,0
BRDA:108,5,1,0
BRDA:119,6,0,0
BRDA:171,7,0,0
BRDA:205,8,0,0
BRDA:205,8,1,0
BRDA:216,9,0,0
BRDA:229,10,0,0
BRDA:229,10,1,0
BRDA:240,11,0,0
BRDA:240,12,0,0
BRDA:240,12,1,0
BRDA:250,13,0,0
BRDA:250,14,0,0
BRDA:250,14,1,0
BRDA:251,15,0,0
BRDA:251,16,0,0
BRDA:251,16,1,0
BRDA:257,17,0,0
BRDA:276,18,0,0
BRDA:276,18,1,0
BRDA:276,18,2,0
BRDA:276,18,3,0
BRDA:300,19,0,0
BRDA:314,20,0,0
BRDA:314,20,1,0
BRDA:324,21,0,0
BRDA:324,22,0,0
BRDA:324,22,1,0
BRDA:336,23,0,0
BRDA:339,24,0,0
BRDA:339,24,1,0
BRDA:343,25,0,0
BRDA:345,26,0,0
BRDA:349,27,0,0
BRDA:349,27,1,0
BRDA:349,27,2,0
BRDA:350,28,0,0
BRDA:353,29,0,0
BRDA:366,30,0,0
BRDA:371,31,0,0
BRDA:372,32,0,0
BRDA:372,32,1,0
BRDA:382,33,0,0
BRDA:390,34,0,0
BRDA:393,35,0,0
BRDA:406,36,0,0
BRDA:417,37,0,0
BRDA:417,37,1,0
BRDA:427,38,0,0
BRF:59
BRH:0
end_of_record
TN:
SF:src\db\netInfo.ts
FN:6,notifyListeners
FN:8,(anonymous_1)
FN:11,checkNetwork
FN:14,(anonymous_3)
FN:23,startNetworkMonitoring
FN:26,(anonymous_5)
FN:31,addNetworkListener
FN:35,removeNetworkListener
FN:39,getNetworkStatus
FN:43,useNetworkStatus
FN:46,(anonymous_10)
FN:48,(anonymous_11)
FNF:12
FNH:0
FNDA:0,notifyListeners
FNDA:0,(anonymous_1)
FNDA:0,checkNetwork
FNDA:0,(anonymous_3)
FNDA:0,startNetworkMonitoring
FNDA:0,(anonymous_5)
FNDA:0,addNetworkListener
FNDA:0,removeNetworkListener
FNDA:0,getNetworkStatus
FNDA:0,useNetworkStatus
FNDA:0,(anonymous_10)
FNDA:0,(anonymous_11)
DA:1,0
DA:3,0
DA:4,0
DA:7,0
DA:8,0
DA:11,0
DA:12,0
DA:13,0
DA:14,0
DA:15,0
DA:16,0
DA:17,0
DA:19,0
DA:23,0
DA:24,0
DA:26,0
DA:27,0
DA:31,0
DA:32,0
DA:35,0
DA:36,0
DA:39,0
DA:40,0
DA:43,0
DA:44,0
DA:46,0
DA:47,0
DA:48,0
DA:51,0
LF:29
LH:0
BRF:0
BRH:0
end_of_record
TN:
SF:src\db\schema.ts
FNF:0
FNH:0
DA:1,0
LF:1
LH:0
BRF:0
BRH:0
end_of_record
TN:
SF:src\db\syncManager.ts
FN:107,(anonymous_0)
FN:115,(anonymous_1)
FN:116,(anonymous_2)
FN:127,(anonymous_3)
FN:128,(anonymous_4)
FN:135,(anonymous_5)
FN:139,(anonymous_6)
FN:143,(anonymous_7)
FN:144,(anonymous_8)
FN:147,(anonymous_9)
FN:151,(anonymous_10)
FN:170,(anonymous_11)
FN:176,(anonymous_12)
FN:204,(anonymous_13)
FN:256,(anonymous_14)
FN:260,(anonymous_15)
FN:264,(anonymous_16)
FN:268,(anonymous_17)
FN:276,(anonymous_18)
FN:284,(anonymous_19)
FN:296,(anonymous_20)
FN:319,(anonymous_21)
FN:335,(anonymous_22)
FN:343,(anonymous_23)
FNF:24
FNH:0
FNDA:0,(anonymous_0)
FNDA:0,(anonymous_1)
FNDA:0,(anonymous_2)
FNDA:0,(anonymous_3)
FNDA:0,(anonymous_4)
FNDA:0,(anonymous_5)
FNDA:0,(anonymous_6)
FNDA:0,(anonymous_7)
FNDA:0,(anonymous_8)
FNDA:0,(anonymous_9)
FNDA:0,(anonymous_10)
FNDA:0,(anonymous_11)
FNDA:0,(anonymous_12)
FNDA:0,(anonymous_13)
FNDA:0,(anonymous_14)
FNDA:0,(anonymous_15)
FNDA:0,(anonymous_16)
FNDA:0,(anonymous_17)
FNDA:0,(anonymous_18)
FNDA:0,(anonymous_19)
FNDA:0,(anonymous_20)
FNDA:0,(anonymous_21)
FNDA:0,(anonymous_22)
FNDA:0,(anonymous_23)
DA:1,0
DA:7,0
DA:96,0
DA:103,0
DA:104,0
DA:105,0
DA:108,0
DA:109,0
DA:110,0
DA:111,0
DA:112,0
DA:116,0
DA:117,0
DA:119,0
DA:120,0
DA:123,0
DA:128,0
DA:129,0
DA:130,0
DA:136,0
DA:140,0
DA:144,0
DA:148,0
DA:152,0
DA:154,0
DA:155,0
DA:156,0
DA:158,0
DA:159,0
DA:160,0
DA:162,0
DA:163,0
DA:164,0
DA:166,0
DA:167,0
DA:169,0
DA:170,0
DA:172,0
DA:177,0
DA:179,0
DA:180,0
DA:181,0
DA:183,0
DA:184,0
DA:187,0
DA:188,0
DA:191,0
DA:192,0
DA:196,0
DA:197,0
DA:200,0
DA:205,0
DA:207,0
DA:214,0
DA:217,0
DA:225,0
DA:226,0
DA:232,0
DA:234,0
DA:235,0
DA:236,0
DA:238,0
DA:239,0
DA:241,0
DA:242,0
DA:244,0
DA:245,0
DA:247,0
DA:248,0
DA:252,0
DA:257,0
DA:261,0
DA:265,0
DA:269,0
DA:271,0
DA:272,0
DA:277,0
DA:279,0
DA:280,0
DA:285,0
DA:287,0
DA:288,0
DA:309,0
DA:311,0
DA:312,0
DA:332,0
DA:336,0
DA:338,0
DA:339,0
DA:344,0
DA:345,0
DA:346,0
DA:351,0
LF:93
LH:0
BRDA:119,0,0,0
BRDA:119,1,0,0
BRDA:119,1,1,0
BRDA:129,2,0,0
BRDA:129,3,0,0
BRDA:129,3,1,0
BRDA:152,4,0,0
BRDA:166,5,0,0
BRDA:166,5,1,0
BRDA:196,6,0,0
BRDA:196,6,1,0
BRDA:207,7,0,0
BRDA:208,8,0,0
BRDA:208,8,1,0
BRDA:208,8,2,0
BRDA:208,8,3,0
BRDA:208,8,4,0
BRDA:234,9,0,0
BRDA:252,10,0,0
BRDA:252,10,1,0
BRDA:271,11,0,0
BRDA:279,12,0,0
BRDA:287,13,0,0
BRDA:311,14,0,0
BRDA:338,15,0,0
BRDA:344,16,0,0
BRF:26
BRH:0
end_of_record
TN:
SF:src\features\chat-flow\SessionChatScreen.tsx
FN:42,(anonymous_9)
FN:58,(anonymous_10)
FN:68,(anonymous_11)
FN:69,(anonymous_12)
FN:71,(anonymous_13)
FN:76,(anonymous_14)
FN:80,(anonymous_15)
FN:86,(anonymous_16)
FN:88,(anonymous_17)
FN:94,(anonymous_18)
FN:103,(anonymous_19)
FN:110,(anonymous_20)
FN:135,(anonymous_21)
FN:147,(anonymous_22)
FN:158,(anonymous_23)
FN:164,(anonymous_24)
FN:165,(anonymous_25)
FN:168,(anonymous_26)
FN:169,(anonymous_27)
FN:169,(anonymous_28)
FN:172,(anonymous_29)
FN:186,(anonymous_30)
FN:215,(anonymous_31)
FN:253,(anonymous_32)
FN:262,(anonymous_33)
FN:269,(anonymous_34)
FNF:26
FNH:0
FNDA:0,(anonymous_9)
FNDA:0,(anonymous_10)
FNDA:0,(anonymous_11)
FNDA:0,(anonymous_12)
FNDA:0,(anonymous_13)
FNDA:0,(anonymous_14)
FNDA:0,(anonymous_15)
FNDA:0,(anonymous_16)
FNDA:0,(anonymous_17)
FNDA:0,(anonymous_18)
FNDA:0,(anonymous_19)
FNDA:0,(anonymous_20)
FNDA:0,(anonymous_21)
FNDA:0,(anonymous_22)
FNDA:0,(anonymous_23)
FNDA:0,(anonymous_24)
FNDA:0,(anonymous_25)
FNDA:0,(anonymous_26)
FNDA:0,(anonymous_27)
FNDA:0,(anonymous_28)
FNDA:0,(anonymous_29)
FNDA:0,(anonymous_30)
FNDA:0,(anonymous_31)
FNDA:0,(anonymous_32)
FNDA:0,(anonymous_33)
FNDA:0,(anonymous_34)
DA:1,0
DA:2,0
DA:14,0
DA:15,0
DA:16,0
DA:17,0
DA:18,0
DA:32,0
DA:42,0
DA:43,0
DA:44,0
DA:45,0
DA:46,0
DA:47,0
DA:48,0
DA:49,0
DA:50,0
DA:52,0
DA:53,0
DA:54,0
DA:56,0
DA:58,0
DA:59,0
DA:65,0
DA:68,0
DA:69,0
DA:70,0
DA:71,0
DA:72,0
DA:76,0
DA:77,0
DA:80,0
DA:81,0
DA:82,0
DA:86,0
DA:87,0
DA:88,0
DA:89,0
DA:94,0
DA:95,0
DA:96,0
DA:97,0
DA:99,0
DA:102,0
DA:103,0
DA:104,0
DA:105,0
DA:106,0
DA:107,0
DA:108,0
DA:110,0
DA:111,0
DA:115,0
DA:116,0
DA:122,0
DA:128,0
DA:132,0
DA:133,0
DA:135,0
DA:136,0
DA:137,0
DA:138,0
DA:140,0
DA:147,0
DA:148,0
DA:149,0
DA:152,0
DA:153,0
DA:154,0
DA:158,0
DA:159,0
DA:160,0
DA:161,0
DA:164,0
DA:165,0
DA:168,0
DA:169,0
DA:172,0
DA:173,0
DA:176,0
DA:186,0
DA:215,0
DA:253,0
DA:262,0
DA:269,0
DA:276,0
LF:86
LH:0
BRDA:33,0,0,0
BRDA:33,0,1,0
BRDA:34,1,0,0
BRDA:34,1,1,0
BRDA:35,2,0,0
BRDA:35,2,1,0
BRDA:87,3,0,0
BRDA:87,4,0,0
BRDA:87,4,1,0
BRDA:99,5,0,0
BRDA:99,6,0,0
BRDA:99,6,1,0
BRDA:99,6,2,0
BRDA:116,7,0,0
BRDA:116,7,1,0
BRDA:128,8,0,0
BRDA:128,8,1,0
BRDA:129,9,0,0
BRDA:129,9,1,0
BRDA:136,10,0,0
BRDA:193,11,0,0
BRDA:193,11,1,0
BRDA:207,12,0,0
BRDA:207,12,1,0
BRDA:236,13,0,0
BRDA:236,13,1,0
BRDA:238,14,0,0
BRDA:238,14,1,0
BRDA:238,14,2,0
BRDA:241,15,0,0
BRDA:241,15,1,0
BRDA:319,16,0,0
BRDA:319,16,1,0
BRDA:365,17,0,0
BRDA:365,17,1,0
BRF:35
BRH:0
end_of_record
TN:
SF:src\features\chat-flow\VoiceModeScreen.tsx
FN:48,(anonymous_9)
FN:57,(anonymous_10)
FN:63,(anonymous_11)
FN:84,(anonymous_12)
FN:84,(anonymous_13)
FN:99,(anonymous_14)
FN:101,(anonymous_15)
FN:102,(anonymous_16)
FN:105,(anonymous_17)
FN:110,(anonymous_18)
FNF:10
FNH:0
FNDA:0,(anonymous_9)
FNDA:0,(anonymous_10)
FNDA:0,(anonymous_11)
FNDA:0,(anonymous_12)
FNDA:0,(anonymous_13)
FNDA:0,(anonymous_14)
FNDA:0,(anonymous_15)
FNDA:0,(anonymous_16)
FNDA:0,(anonymous_17)
FNDA:0,(anonymous_18)
DA:13,0
DA:14,0
DA:25,0
DA:26,0
DA:36,0
DA:48,0
DA:53,0
DA:54,0
DA:57,0
DA:58,0
DA:59,0
DA:60,0
DA:61,0
DA:63,0
DA:64,0
DA:65,0
DA:69,0
DA:70,0
DA:79,0
DA:84,0
DA:99,0
DA:100,0
DA:101,0
DA:102,0
DA:105,0
DA:106,0
DA:107,0
DA:110,0
DA:111,0
DA:112,0
DA:115,0
DA:163,0
LF:32
LH:0
BRDA:58,0,0,0
BRDA:69,1,0,0
BRDA:111,2,0,0
BRDA:111,2,1,0
BRDA:119,3,0,0
BRDA:119,3,1,0
BRDA:128,4,0,0
BRDA:128,4,1,0
BRDA:131,5,0,0
BRDA:131,5,1,0
BRDA:134,6,0,0
BRDA:134,6,1,0
BRDA:142,7,0,0
BRDA:142,7,1,0
BRDA:144,8,0,0
BRDA:144,8,1,0
BRDA:146,9,0,0
BRDA:146,9,1,0
BRDA:147,10,0,0
BRDA:147,10,1,0
BRDA:176,11,0,0
BRDA:176,11,1,0
BRDA:227,12,0,0
BRDA:227,12,1,0
BRF:24
BRH:0
end_of_record
TN:
SF:src\features\chat-flow\index.tsx
FN:3,(anonymous_1)
FNF:1
FNH:0
FNDA:0,(anonymous_1)
DA:1,0
DA:3,0
DA:4,0
DA:7,0
LF:4
LH:0
BRF:0
BRH:0
end_of_record
TN:
SF:src\features\chat-flow\components\AttachmentPanel.tsx
FN:37,(anonymous_9)
FN:45,(anonymous_10)
FN:76,(anonymous_11)
FN:93,(anonymous_12)
FN:156,showPermissionAlert
FN:162,(anonymous_14)
FNF:6
FNH:0
FNDA:0,(anonymous_9)
FNDA:0,(anonymous_10)
FNDA:0,(anonymous_11)
FNDA:0,(anonymous_12)
FNDA:0,showPermissionAlert
FNDA:0,(anonymous_14)
DA:9,0
DA:10,0
DA:21,0
DA:22,0
DA:23,0
DA:37,0
DA:43,0
DA:45,0
DA:46,0
DA:47,0
DA:48,0
DA:49,0
DA:50,0
DA:51,0
DA:52,0
DA:54,0
DA:60,0
DA:62,0
DA:67,0
DA:68,0
DA:70,0
DA:72,0
DA:76,0
DA:77,0
DA:78,0
DA:79,0
DA:80,0
DA:81,0
DA:82,0
DA:83,0
DA:85,0
DA:91,0
DA:93,0
DA:94,0
DA:98,0
DA:99,0
DA:100,0
DA:103,0
DA:105,0
DA:109,0
DA:157,0
DA:162,0
DA:167,0
LF:43
LH:0
BRDA:41,0,0,0
BRDA:46,1,0,0
BRDA:50,2,0,0
BRDA:60,3,0,0
BRDA:60,4,0,0
BRDA:60,4,1,0
BRDA:70,5,0,0
BRDA:70,5,1,0
BRDA:77,6,0,0
BRDA:81,7,0,0
BRDA:91,8,0,0
BRDA:91,9,0,0
BRDA:91,9,1,0
BRDA:98,10,0,0
BRDA:103,11,0,0
BRDA:103,11,1,0
BRDA:142,12,0,0
BRDA:142,12,1,0
BRDA:179,13,0,0
BRDA:179,13,1,0
BRF:20
BRH:0
end_of_record
TN:
SF:src\features\chat-flow\components\DslMarkdown.tsx
FN:10,CodeBlock
FN:13,(anonymous_11)
FN:18,(anonymous_12)
FN:138,(anonymous_13)
FN:139,(anonymous_14)
FN:147,(anonymous_15)
FNF:6
FNH:0
FNDA:0,CodeBlock
FNDA:0,(anonymous_11)
FNDA:0,(anonymous_12)
FNDA:0,(anonymous_13)
FNDA:0,(anonymous_14)
FNDA:0,(anonymous_15)
DA:1,0
DA:2,0
DA:3,0
DA:4,0
DA:11,0
DA:13,0
DA:14,0
DA:15,0
DA:16,0
DA:17,0
DA:18,0
DA:20,0
DA:24,0
DA:47,0
DA:138,0
DA:139,0
DA:140,0
DA:141,0
DA:142,0
DA:144,0
DA:147,0
DA:148,0
DA:149,0
DA:150,0
DA:152,0
DA:155,0
DA:162,0
LF:27
LH:0
BRDA:31,0,0,0
BRDA:31,0,1,0
BRDA:33,1,0,0
BRDA:33,1,1,0
BRDA:141,2,0,0
BRDA:149,3,0,0
BRF:6
BRH:0
end_of_record
TN:
SF:src\features\chat-flow\components\ImagePreviewBar.tsx
FN:32,(anonymous_9)
FN:40,(anonymous_10)
FN:44,(anonymous_11)
FN:55,(anonymous_12)
FN:66,(anonymous_13)
FN:71,(anonymous_14)
FN:90,formatSize
FNF:7
FNH:0
FNDA:0,(anonymous_9)
FNDA:0,(anonymous_10)
FNDA:0,(anonymous_11)
FNDA:0,(anonymous_12)
FNDA:0,(anonymous_13)
FNDA:0,(anonymous_14)
FNDA:0,formatSize
DA:9,0
DA:10,0
DA:27,0
DA:32,0
DA:33,0
DA:35,0
DA:37,0
DA:41,0
DA:44,0
DA:55,0
DA:66,0
DA:71,0
DA:91,0
DA:92,0
DA:93,0
DA:96,0
LF:16
LH:0
BRDA:35,0,0,0
BRDA:73,1,0,0
BRDA:73,1,1,0
BRDA:91,2,0,0
BRDA:92,3,0,0
BRF:5
BRH:0
end_of_record
TN:
SF:src\features\chat-flow\components\MessageBubble.tsx
FN:18,(anonymous_1)
FN:45,(anonymous_2)
FN:67,(anonymous_3)
FNF:3
FNH:0
FNDA:0,(anonymous_1)
FNDA:0,(anonymous_2)
FNDA:0,(anonymous_3)
DA:1,0
DA:2,0
DA:3,0
DA:18,0
DA:19,0
DA:20,0
DA:21,0
DA:23,0
DA:24,0
DA:25,0
DA:26,0
DA:27,0
DA:28,0
DA:38,0
DA:39,0
DA:40,0
DA:41,0
DA:43,0
DA:46,0
DA:47,0
DA:67,0
DA:68,0
DA:69,0
DA:70,0
DA:72,0
DA:99,0
LF:26
LH:0
BRDA:23,0,0,0
BRDA:25,1,0,0
BRDA:25,1,1,0
BRDA:38,2,0,0
BRDA:38,2,1,0
BRDA:46,3,0,0
BRDA:46,3,1,0
BRDA:55,4,0,0
BRDA:55,4,1,0
BRDA:69,5,0,0
BRDA:69,5,1,0
BRDA:70,6,0,0
BRDA:70,6,1,0
BRDA:73,7,0,0
BRDA:73,7,1,0
BRDA:74,8,0,0
BRDA:74,8,1,0
BRDA:75,9,0,0
BRDA:75,9,1,0
BRDA:80,10,0,0
BRDA:80,10,1,0
BRDA:81,11,0,0
BRDA:81,11,1,0
BRDA:86,12,0,0
BRDA:86,12,1,0
BRDA:90,13,0,0
BRDA:90,13,1,0
BRDA:91,14,0,0
BRDA:91,14,1,0
BRF:29
BRH:0
end_of_record
TN:
SF:src\features\chat-flow\components\WaveformAnimation.tsx
FN:51,(anonymous_9)
FN:52,(anonymous_10)
FN:54,(anonymous_11)
FN:71,(anonymous_12)
FN:79,(anonymous_13)
FN:91,(anonymous_14)
FN:119,(anonymous_15)
FN:123,(anonymous_16)
FN:127,(anonymous_17)
FN:132,(anonymous_18)
FN:133,(anonymous_19)
FN:137,(anonymous_20)
FN:137,(anonymous_21)
FN:163,(anonymous_22)
FNF:14
FNH:0
FNDA:0,(anonymous_9)
FNDA:0,(anonymous_10)
FNDA:0,(anonymous_11)
FNDA:0,(anonymous_12)
FNDA:0,(anonymous_13)
FNDA:0,(anonymous_14)
FNDA:0,(anonymous_15)
FNDA:0,(anonymous_16)
FNDA:0,(anonymous_17)
FNDA:0,(anonymous_18)
FNDA:0,(anonymous_19)
FNDA:0,(anonymous_20)
FNDA:0,(anonymous_21)
FNDA:0,(anonymous_22)
DA:9,0
DA:10,0
DA:11,0
DA:33,0
DA:51,0
DA:52,0
DA:54,0
DA:56,0
DA:57,0
DA:58,0
DA:65,0
DA:71,0
DA:76,0
DA:77,0
DA:79,0
DA:80,0
DA:87,0
DA:88,0
DA:89,0
DA:91,0
DA:92,0
DA:93,0
DA:101,0
DA:109,0
DA:119,0
DA:123,0
DA:127,0
DA:132,0
DA:133,0
DA:137,0
DA:139,0
DA:164,0
DA:190,0
LF:33
LH:0
BRDA:74,0,0,0
BRDA:76,1,0,0
BRDA:76,1,1,0
BRF:3
BRH:0
end_of_record
TN:
SF:src\features\dsl\DslRenderScreen.tsx
FN:6,(anonymous_9)
FN:12,(anonymous_10)
FN:18,(anonymous_11)
FN:29,(anonymous_12)
FN:46,(anonymous_13)
FN:65,(anonymous_14)
FN:90,(anonymous_15)
FN:98,(anonymous_16)
FN:100,(anonymous_17)
FN:103,(anonymous_18)
FN:138,(anonymous_19)
FN:151,(anonymous_20)
FN:458,(anonymous_21)
FN:478,(anonymous_22)
FNF:14
FNH:0
FNDA:0,(anonymous_9)
FNDA:0,(anonymous_10)
FNDA:0,(anonymous_11)
FNDA:0,(anonymous_12)
FNDA:0,(anonymous_13)
FNDA:0,(anonymous_14)
FNDA:0,(anonymous_15)
FNDA:0,(anonymous_16)
FNDA:0,(anonymous_17)
FNDA:0,(anonymous_18)
FNDA:0,(anonymous_19)
FNDA:0,(anonymous_20)
FNDA:0,(anonymous_21)
FNDA:0,(anonymous_22)
DA:1,0
DA:2,0
DA:3,0
DA:4,0
DA:6,0
DA:7,0
DA:12,0
DA:13,0
DA:18,0
DA:24,0
DA:29,0
DA:35,0
DA:46,0
DA:47,0
DA:65,0
DA:66,0
DA:77,0
DA:90,0
DA:91,0
DA:92,0
DA:93,0
DA:95,0
DA:96,0
DA:98,0
DA:99,0
DA:100,0
DA:103,0
DA:104,0
DA:106,0
DA:108,0
DA:109,0
DA:111,0
DA:114,0
DA:115,0
DA:117,0
DA:120,0
DA:121,0
DA:123,0
DA:126,0
DA:127,0
DA:130,0
DA:131,0
DA:134,0
DA:138,0
DA:151,0
DA:458,0
DA:478,0
DA:479,0
DA:484,0
DA:487,0
DA:505,0
LF:51
LH:0
BRDA:24,0,0,0
BRDA:24,0,1,0
BRDA:106,1,0,0
BRDA:106,1,1,0
BRDA:106,1,2,0
BRDA:106,1,3,0
BRDA:106,1,4,0
BRDA:106,1,5,0
BRDA:108,2,0,0
BRDA:114,3,0,0
BRDA:120,4,0,0
BRF:11
BRH:0
end_of_record
TN:
SF:src\features\dsl\DslStressTestScreen.tsx
FN:5,(anonymous_9)
FN:11,(anonymous_10)
FN:17,(anonymous_11)
FN:32,(anonymous_12)
FN:33,(anonymous_13)
FN:37,generateStressTestDsl
FN:248,(anonymous_15)
FN:256,(anonymous_16)
FN:261,(anonymous_17)
FN:262,(anonymous_18)
FN:272,(anonymous_19)
FN:282,(anonymous_20)
FN:289,(anonymous_21)
FNF:13
FNH:0
FNDA:0,(anonymous_9)
FNDA:0,(anonymous_10)
FNDA:0,(anonymous_11)
FNDA:0,(anonymous_12)
FNDA:0,(anonymous_13)
FNDA:0,generateStressTestDsl
FNDA:0,(anonymous_15)
FNDA:0,(anonymous_16)
FNDA:0,(anonymous_17)
FNDA:0,(anonymous_18)
FNDA:0,(anonymous_19)
FNDA:0,(anonymous_20)
FNDA:0,(anonymous_21)
DA:1,0
DA:2,0
DA:3,0
DA:5,0
DA:6,0
DA:11,0
DA:12,0
DA:17,0
DA:23,0
DA:28,0
DA:32,0
DA:33,0
DA:38,0
DA:40,0
DA:41,0
DA:80,0
DA:248,0
DA:249,0
DA:250,0
DA:251,0
DA:252,0
DA:254,0
DA:256,0
DA:257,0
DA:259,0
DA:260,0
DA:261,0
DA:262,0
DA:264,0
DA:265,0
DA:268,0
DA:272,0
DA:282,0
DA:284,0
DA:289,0
DA:290,0
DA:293,0
DA:305,0
DA:335,0
LF:39
LH:0
BRDA:23,0,0,0
BRDA:23,0,1,0
BRDA:46,1,0,0
BRDA:46,1,1,0
BRDA:74,2,0,0
BRDA:74,2,1,0
BRDA:257,3,0,0
BRDA:259,4,0,0
BRDA:260,5,0,0
BRDA:260,5,1,0
BRF:10
BRH:0
end_of_record
TN:
SF:src\features\network\NetworkBanner.tsx
FN:5,(anonymous_9)
FN:8,(anonymous_10)
FN:13,(anonymous_11)
FN:38,getBannerStyle
FN:51,getBannerText
FNF:5
FNH:0
FNDA:0,(anonymous_9)
FNDA:0,(anonymous_10)
FNDA:0,(anonymous_11)
FNDA:0,getBannerStyle
FNDA:0,getBannerText
DA:1,0
DA:2,0
DA:3,0
DA:5,0
DA:6,0
DA:8,0
DA:9,0
DA:10,0
DA:13,0
DA:14,0
DA:17,0
DA:18,0
DA:21,0
DA:39,0
DA:40,0
DA:42,0
DA:43,0
DA:45,0
DA:46,0
DA:48,0
DA:52,0
DA:53,0
DA:55,0
DA:56,0
DA:58,0
DA:59,0
DA:61,0
DA:64,0
LF:28
LH:0
BRDA:17,0,0,0
BRDA:17,1,0,0
BRDA:17,1,1,0
BRDA:17,1,2,0
BRDA:24,2,0,0
BRDA:24,2,1,0
BRDA:29,3,0,0
BRDA:29,3,1,0
BRDA:39,4,0,0
BRDA:42,5,0,0
BRDA:45,6,0,0
BRDA:52,7,0,0
BRDA:55,8,0,0
BRDA:58,9,0,0
BRF:14
BRH:0
end_of_record
TN:
SF:src\features\quiz\QuizScreen.tsx
FN:76,(anonymous_9)
FN:90,(anonymous_10)
FN:105,(anonymous_11)
FN:110,(anonymous_12)
FN:116,(anonymous_13)
FN:117,(anonymous_14)
FN:129,(anonymous_15)
FN:130,(anonymous_16)
FN:150,(anonymous_17)
FN:163,(anonymous_18)
FN:171,(anonymous_19)
FN:173,(anonymous_20)
FN:175,(anonymous_21)
FN:179,(anonymous_22)
FN:180,(anonymous_23)
FN:183,(anonymous_24)
FN:199,(anonymous_25)
FN:204,(anonymous_26)
FN:205,(anonymous_27)
FN:237,(anonymous_28)
FN:239,(anonymous_29)
FN:243,(anonymous_30)
FN:245,(anonymous_31)
FN:249,(anonymous_32)
FN:276,(anonymous_33)
FN:328,(anonymous_34)
FN:332,(anonymous_35)
FNF:27
FNH:0
FNDA:0,(anonymous_9)
FNDA:0,(anonymous_10)
FNDA:0,(anonymous_11)
FNDA:0,(anonymous_12)
FNDA:0,(anonymous_13)
FNDA:0,(anonymous_14)
FNDA:0,(anonymous_15)
FNDA:0,(anonymous_16)
FNDA:0,(anonymous_17)
FNDA:0,(anonymous_18)
FNDA:0,(anonymous_19)
FNDA:0,(anonymous_20)
FNDA:0,(anonymous_21)
FNDA:0,(anonymous_22)
FNDA:0,(anonymous_23)
FNDA:0,(anonymous_24)
FNDA:0,(anonymous_25)
FNDA:0,(anonymous_26)
FNDA:0,(anonymous_27)
FNDA:0,(anonymous_28)
FNDA:0,(anonymous_29)
FNDA:0,(anonymous_30)
FNDA:0,(anonymous_31)
FNDA:0,(anonymous_32)
FNDA:0,(anonymous_33)
FNDA:0,(anonymous_34)
FNDA:0,(anonymous_35)
DA:1,0
DA:2,0
DA:12,0
DA:27,0
DA:76,0
DA:77,0
DA:78,0
DA:79,0
DA:80,0
DA:81,0
DA:82,0
DA:84,0
DA:85,0
DA:86,0
DA:88,0
DA:90,0
DA:91,0
DA:95,0
DA:99,0
DA:105,0
DA:106,0
DA:107,0
DA:110,0
DA:111,0
DA:112,0
DA:117,0
DA:119,0
DA:124,0
DA:125,0
DA:130,0
DA:132,0
DA:138,0
DA:142,0
DA:149,0
DA:150,0
DA:155,0
DA:163,0
DA:164,0
DA:166,0
DA:168,0
DA:169,0
DA:170,0
DA:171,0
DA:173,0
DA:175,0
DA:179,0
DA:180,0
DA:183,0
DA:184,0
DA:186,0
DA:187,0
DA:189,0
DA:190,0
DA:192,0
DA:193,0
DA:196,0
DA:197,0
DA:199,0
DA:201,0
DA:204,0
DA:205,0
DA:207,0
DA:208,0
DA:209,0
DA:222,0
DA:223,0
DA:224,0
DA:225,0
DA:231,0
DA:234,0
DA:237,0
DA:238,0
DA:239,0
DA:243,0
DA:244,0
DA:245,0
DA:249,0
DA:251,0
DA:255,0
DA:257,0
DA:261,0
DA:262,0
DA:263,0
DA:264,0
DA:268,0
DA:269,0
DA:272,0
DA:275,0
DA:276,0
DA:278,0
DA:329,0
DA:332,0
DA:416,0
DA:418,0
LF:94
LH:0
BRDA:111,0,0,0
BRDA:111,0,1,0
BRDA:111,1,0,0
BRDA:111,1,1,0
BRDA:124,2,0,0
BRDA:124,2,1,0
BRDA:124,3,0,0
BRDA:124,3,1,0
BRDA:164,4,0,0
BRDA:168,5,0,0
BRDA:168,5,1,0
BRDA:169,6,0,0
BRDA:169,6,1,0
BRDA:170,7,0,0
BRDA:170,7,1,0
BRDA:184,8,0,0
BRDA:184,9,0,0
BRDA:184,9,1,0
BRDA:192,10,0,0
BRDA:192,10,1,0
BRDA:193,11,0,0
BRDA:193,11,1,0
BRDA:196,12,0,0
BRDA:196,12,1,0
BRDA:198,13,0,0
BRDA:198,13,1,0
BRDA:207,14,0,0
BRDA:207,14,1,0
BRDA:238,15,0,0
BRDA:244,16,0,0
BRDA:251,17,0,0
BRDA:251,17,1,0
BRDA:255,18,0,0
BRDA:257,19,0,0
BRDA:257,19,1,0
BRDA:261,20,0,0
BRDA:261,20,1,0
BRDA:263,21,0,0
BRDA:268,22,0,0
BRDA:297,23,0,0
BRDA:297,23,1,0
BRDA:308,24,0,0
BRDA:308,24,1,0
BRDA:308,25,0,0
BRDA:308,25,1,0
BRDA:315,26,0,0
BRDA:315,26,1,0
BRDA:319,27,0,0
BRDA:319,27,1,0
BRDA:334,28,0,0
BRDA:334,28,1,0
BRDA:337,29,0,0
BRDA:337,29,1,0
BRDA:342,30,0,0
BRDA:342,30,1,0
BRDA:343,31,0,0
BRDA:343,31,1,0
BRDA:345,32,0,0
BRDA:345,32,1,0
BRDA:357,33,0,0
BRDA:357,33,1,0
BRDA:357,33,2,0
BRDA:374,34,0,0
BRDA:374,34,1,0
BRDA:382,35,0,0
BRDA:382,35,1,0
BRDA:390,36,0,0
BRDA:390,36,1,0
BRDA:397,37,0,0
BRDA:397,37,1,0
BRDA:398,38,0,0
BRDA:398,38,1,0
BRDA:401,39,0,0
BRDA:401,39,1,0
BRDA:404,40,0,0
BRDA:404,40,1,0
BRF:76
BRH:0
end_of_record
TN:
SF:src\features\quiz-result\index.tsx
FN:3,(anonymous_1)
FNF:1
FNH:0
FNDA:0,(anonymous_1)
DA:1,0
DA:3,0
DA:4,0
DA:7,0
LF:4
LH:0
BRF:0
BRH:0
end_of_record
TN:
SF:src\features\sessions\CreateSessionScreen.tsx
FN:26,(anonymous_9)
FN:41,(anonymous_10)
FN:46,(anonymous_11)
FN:60,(anonymous_12)
FN:79,(anonymous_13)
FN:85,(anonymous_14)
FN:95,(anonymous_15)
FN:96,(anonymous_16)
FN:98,(anonymous_17)
FN:124,(anonymous_18)
FN:136,(anonymous_19)
FN:148,(anonymous_20)
FN:157,(anonymous_21)
FN:164,(anonymous_22)
FNF:14
FNH:0
FNDA:0,(anonymous_9)
FNDA:0,(anonymous_10)
FNDA:0,(anonymous_11)
FNDA:0,(anonymous_12)
FNDA:0,(anonymous_13)
FNDA:0,(anonymous_14)
FNDA:0,(anonymous_15)
FNDA:0,(anonymous_16)
FNDA:0,(anonymous_17)
FNDA:0,(anonymous_18)
FNDA:0,(anonymous_19)
FNDA:0,(anonymous_20)
FNDA:0,(anonymous_21)
FNDA:0,(anonymous_22)
DA:1,0
DA:2,0
DA:14,0
DA:16,0
DA:26,0
DA:27,0
DA:28,0
DA:30,0
DA:37,0
DA:38,0
DA:39,0
DA:41,0
DA:42,0
DA:43,0
DA:47,0
DA:48,0
DA:54,0
DA:55,0
DA:56,0
DA:60,0
DA:61,0
DA:63,0
DA:64,0
DA:67,0
DA:68,0
DA:71,0
DA:72,0
DA:75,0
DA:76,0
DA:79,0
DA:80,0
DA:82,0
DA:84,0
DA:85,0
DA:87,0
DA:88,0
DA:90,0
DA:94,0
DA:96,0
DA:97,0
DA:98,0
DA:104,0
DA:124,0
DA:136,0
DA:148,0
DA:158,0
DA:164,0
DA:200,0
DA:322,0
LF:49
LH:0
BRDA:42,0,0,0
BRDA:54,1,0,0
BRDA:54,2,0,0
BRDA:54,2,1,0
BRDA:63,3,0,0
BRDA:67,4,0,0
BRDA:71,5,0,0
BRDA:80,6,0,0
BRDA:82,7,0,0
BRDA:97,8,0,0
BRDA:121,9,0,0
BRDA:121,9,1,0
BRDA:127,10,0,0
BRDA:127,10,1,0
BRDA:133,11,0,0
BRDA:133,11,1,0
BRDA:139,12,0,0
BRDA:139,12,1,0
BRDA:145,13,0,0
BRDA:145,13,1,0
BRDA:151,14,0,0
BRDA:151,14,1,0
BRDA:162,15,0,0
BRDA:162,15,1,0
BRDA:169,16,0,0
BRDA:169,16,1,0
BRDA:180,17,0,0
BRDA:180,17,1,0
BRDA:184,18,0,0
BRDA:184,18,1,0
BRDA:191,19,0,0
BRDA:191,19,1,0
BRDA:191,19,2,0
BRF:33
BRH:0
end_of_record
TN:
SF:src\features\sessions\SessionListScreen.tsx
FN:14,formatDate
FN:28,getStatusColor
FN:41,getStatusText
FN:59,SessionItem
FN:81,(anonymous_13)
FN:85,(anonymous_14)
FN:89,(anonymous_15)
FN:93,(anonymous_16)
FN:94,(anonymous_17)
FN:101,(anonymous_18)
FN:136,(anonymous_19)
FNF:11
FNH:0
FNDA:0,formatDate
FNDA:0,getStatusColor
FNDA:0,getStatusText
FNDA:0,SessionItem
FNDA:0,(anonymous_13)
FNDA:0,(anonymous_14)
FNDA:0,(anonymous_15)
FNDA:0,(anonymous_16)
FNDA:0,(anonymous_17)
FNDA:0,(anonymous_18)
FNDA:0,(anonymous_19)
DA:1,0
DA:2,0
DA:4,0
DA:15,0
DA:16,0
DA:17,0
DA:19,0
DA:29,0
DA:31,0
DA:33,0
DA:35,0
DA:37,0
DA:42,0
DA:44,0
DA:46,0
DA:48,0
DA:50,0
DA:60,0
DA:81,0
DA:82,0
DA:83,0
DA:85,0
DA:86,0
DA:89,0
DA:90,0
DA:93,0
DA:94,0
DA:97,0
DA:98,0
DA:101,0
DA:108,0
DA:136,0
DA:161,0
DA:336,0
LF:34
LH:0
BRDA:16,0,0,0
BRDA:29,1,0,0
BRDA:29,1,1,0
BRDA:29,1,2,0
BRDA:29,1,3,0
BRDA:42,2,0,0
BRDA:42,2,1,0
BRDA:42,2,2,0
BRDA:42,2,3,0
BRDA:73,3,0,0
BRDA:73,3,1,0
BRDA:97,4,0,0
BRDA:127,5,0,0
BRDA:127,5,1,0
BRDA:127,6,0,0
BRDA:127,6,1,0
BRF:16
BRH:0
end_of_record
